mode: set
capstone_vaccine/controller/adminController/adminController.go:18.82,22.2 1 0
capstone_vaccine/controller/adminController/adminController.go:27.63,30.42 2 1
capstone_vaccine/controller/adminController/adminController.go:34.2,34.45 1 1
capstone_vaccine/controller/adminController/adminController.go:41.2,43.16 2 1
capstone_vaccine/controller/adminController/adminController.go:50.2,54.4 1 1
capstone_vaccine/controller/adminController/adminController.go:30.42,32.3 1 0
capstone_vaccine/controller/adminController/adminController.go:34.45,39.3 1 1
capstone_vaccine/controller/adminController/adminController.go:43.16,48.3 1 0
capstone_vaccine/controller/adminController/adminController.go:59.60,62.42 2 1
capstone_vaccine/controller/adminController/adminController.go:66.2,66.45 1 1
capstone_vaccine/controller/adminController/adminController.go:73.2,75.16 2 1
capstone_vaccine/controller/adminController/adminController.go:82.2,86.4 1 1
capstone_vaccine/controller/adminController/adminController.go:62.42,64.3 1 0
capstone_vaccine/controller/adminController/adminController.go:66.45,71.3 1 1
capstone_vaccine/controller/adminController/adminController.go:75.16,80.3 1 0
